[0m2021.04.09 16:40:18 INFO  Started: Metals version 0.10.1 in workspace '/home/xs107-bairoy/xenonstack/l2/module4/spark_streaming' for client vscode 1.53.2.[0m
[0m2021.04.09 16:40:20 INFO  time: initialize in 1.46s[0m
[0m2021.04.09 16:40:20 INFO  Attempting to connect to the build server...[0m
Starting the bsp launcher for bloop...
Opening a bsp server connection with 'bsp --protocol local --socket /tmp/bsp-launcher17019626840009606161/bsp.socket'...
Waiting for the bsp connection to come up...
[0m2021.04.09 16:40:20 WARN  no build target for: /home/xs107-bairoy/xenonstack/l2/module4/spark_streaming/src/main/scala/kafkaStreamingConsumer.scala[0m
[0m[32m[D][0m Loading workspace settings from bloop.settings.json
[0m[32m[D][0m Waiting for a connection at local:///tmp/bsp-launcher17019626840009606161/bsp.socket...
The server is listening for incoming connections at local:///tmp/bsp-launcher17019626840009606161/bsp.socket...
Starting thread that pumps stdin and redirects it to the bsp server...
Starting thread that pumps server stdout and redirects it to the client stdout...
[0m2021.04.09 16:40:20 INFO  tracing is disabled for protocol BSP, to enable tracing of incoming and outgoing JSON messages create an empty file at /home/xs107-bairoy/.cache/metals/bsp.trace.json[0m
[0m2021.04.09 16:40:20 INFO  Attempting to connect to the build server...[0m
Starting the bsp launcher for bloop...
Opening a bsp server connection with 'bsp --protocol local --socket /tmp/bsp-launcher18104440435086534493/bsp.socket'...
Waiting for the bsp connection to come up...
[0m[32m[D][0m Loading workspace settings from bloop.settings.json
[0m[32m[D][0m Waiting for a connection at local:///tmp/bsp-launcher18104440435086534493/bsp.socket...
The server is listening for incoming connections at local:///tmp/bsp-launcher18104440435086534493/bsp.socket...
Starting thread that pumps stdin and redirects it to the bsp server...
Starting thread that pumps server stdout and redirects it to the client stdout...
[0m2021.04.09 16:40:21 INFO  tracing is disabled for protocol BSP, to enable tracing of incoming and outgoing JSON messages create an empty file at /home/xs107-bairoy/.cache/metals/bsp.trace.json[0m
[0m2021.04.09 16:40:21 INFO  time: Connected to build server in 0.26s[0m
[0m2021.04.09 16:40:21 INFO  Connected to Build server: Bloop v1.4.8[0m
[0m2021.04.09 16:40:22 INFO  no build target: using presentation compiler with only scala-library: 2.12.13[0m
[0m2021.04.09 16:40:25 INFO  no build target: using presentation compiler with only scala-library: 2.12.13[0m
[0m2021.04.09 16:40:25 INFO  time: code lens generation in 4.62s[0m
[0m2021.04.09 16:40:27 INFO  time: indexed workspace in 5.1s[0m
Apr 09, 2021 4:44:55 PM org.eclipse.lsp4j.jsonrpc.RemoteEndpoint handleCancellation
WARNING: Unmatched cancel notification for request id 7
Apr 09, 2021 4:44:57 PM org.eclipse.lsp4j.jsonrpc.RemoteEndpoint handleCancellation
WARNING: Unmatched cancel notification for request id 13
Apr 09, 2021 4:50:47 PM org.eclipse.lsp4j.jsonrpc.services.GenericEndpoint notify
INFO: Unsupported notification method: $/setTraceNotification
[0m2021.04.09 16:53:20 WARN  no build target for: /home/xs107-bairoy/xenonstack/l2/module4/spark_streaming/project/metals.sbt[0m
Apr 09, 2021 4:53:24 PM org.eclipse.lsp4j.jsonrpc.RemoteEndpoint handleCancellation
WARNING: Unmatched cancel notification for request id 39
[0m2021.04.09 17:15:58 INFO  Started: Metals version 0.10.1 in workspace '/home/xs107-bairoy/xenonstack/l2/module4/spark_streaming' for client vscode 1.53.2.[0m
[0m2021.04.09 17:15:59 INFO  time: initialize in 1.09s[0m
[0m2021.04.09 17:16:03 INFO  Attempting to connect to the build server...[0m
Starting the bsp launcher for bloop...
Opening a bsp server connection with 'bsp --protocol local --socket /tmp/bsp-launcher8097180545900393063/bsp.socket'...
Waiting for the bsp connection to come up...
[0m2021.04.09 17:16:03 INFO  skipping build import with status 'Requested'[0m
[0m[32m[D][0m Loading workspace settings from bloop.settings.json
[0m[32m[D][0m Waiting for a connection at local:///tmp/bsp-launcher8097180545900393063/bsp.socket...
The server is listening for incoming connections at local:///tmp/bsp-launcher8097180545900393063/bsp.socket...
Starting thread that pumps stdin and redirects it to the bsp server...
Starting thread that pumps server stdout and redirects it to the client stdout...
[0m2021.04.09 17:16:03 INFO  tracing is disabled for protocol BSP, to enable tracing of incoming and outgoing JSON messages create an empty file at /home/xs107-bairoy/.cache/metals/bsp.trace.json[0m
[0m2021.04.09 17:16:03 INFO  Attempting to connect to the build server...[0m
Starting the bsp launcher for bloop...
Opening a bsp server connection with 'bsp --protocol local --socket /tmp/bsp-launcher72377635039234527/bsp.socket'...
Waiting for the bsp connection to come up...
[0m[32m[D][0m Loading workspace settings from bloop.settings.json
[0m[32m[D][0m Waiting for a connection at local:///tmp/bsp-launcher72377635039234527/bsp.socket...
The server is listening for incoming connections at local:///tmp/bsp-launcher72377635039234527/bsp.socket...
Starting thread that pumps stdin and redirects it to the bsp server...
Starting thread that pumps server stdout and redirects it to the client stdout...
[0m2021.04.09 17:16:03 INFO  tracing is disabled for protocol BSP, to enable tracing of incoming and outgoing JSON messages create an empty file at /home/xs107-bairoy/.cache/metals/bsp.trace.json[0m
[0m2021.04.09 17:16:03 INFO  time: Connected to build server in 0.28s[0m
[0m2021.04.09 17:16:03 INFO  Connected to Build server: Bloop v1.4.8[0m
[0m2021.04.09 17:16:06 INFO  time: indexed workspace in 3s[0m
[0m2021.04.09 17:16:06 INFO  compiling spark_streaming (1 scala source)[0m
[0m2021.04.09 17:16:07 INFO  time: compiled spark_streaming in 1.01s[0m
[0m2021.04.09 17:17:39 INFO  compiling spark_streaming (1 scala source)[0m
[0m2021.04.09 17:17:39 INFO  time: compiled spark_streaming in 0.62s[0m
[0m2021.04.09 17:18:38 INFO  compiling spark_streaming (1 scala source)[0m
[0m2021.04.09 17:18:38 INFO  time: compiled spark_streaming in 0.94s[0m
